<?xml version="1.0" encoding="UTF-8"?>
<testng-results skipped="0" failed="0" total="1" passed="1">
  <reporter-output>
  </reporter-output>
  <suite name="Default suite" duration-ms="4597" started-at="2018-03-28T13:30:24Z" finished-at="2018-03-28T13:30:28Z">
    <groups>
    </groups>
    <test name="Default test" duration-ms="4597" started-at="2018-03-28T13:30:24Z" finished-at="2018-03-28T13:30:28Z">
      <class name="co.bytemark.componenttests.ResetPinTests">
        <test-method status="PASS" signature="preconditionBeforeSuite()[pri:0, instance:co.bytemark.componenttests.ResetPinTests@7d9d1a19]" name="preconditionBeforeSuite" is-config="true" duration-ms="319" started-at="2018-03-28T19:00:23Z" finished-at="2018-03-28T19:00:24Z">
          <reporter-output>
          </reporter-output>
        </test-method> <!-- preconditionBeforeSuite -->
        <test-method status="PASS" signature="preconditionsBeforeTest()[pri:0, instance:co.bytemark.componenttests.ResetPinTests@7d9d1a19]" name="preconditionsBeforeTest" is-config="true" duration-ms="228" started-at="2018-03-28T19:00:24Z" finished-at="2018-03-28T19:00:24Z">
          <reporter-output>
          </reporter-output>
        </test-method> <!-- preconditionsBeforeTest -->
        <test-method status="PASS" signature="preCondtions(org.testng.ITestResult)[pri:0, instance:co.bytemark.componenttests.ResetPinTests@7d9d1a19]" name="preCondtions" is-config="true" duration-ms="351" started-at="2018-03-28T19:00:24Z" finished-at="2018-03-28T19:00:25Z">
          <params>
            <param index="0">
              <value>
                <![CDATA[[TestResult name=reset status=SUCCESS method=ResetPinTests.reset(java.lang.String, java.lang.String)[pri:0, instance:co.bytemark.componenttests.ResetPinTests@7d9d1a19] output={null}]]]>
              </value>
            </param>
          </params>
          <reporter-output>
          </reporter-output>
        </test-method> <!-- preCondtions -->
        <test-method status="PASS" signature="reset(java.lang.String, java.lang.String)[pri:0, instance:co.bytemark.componenttests.ResetPinTests@7d9d1a19]" name="reset" duration-ms="3267" started-at="2018-03-28T19:00:25Z" data-provider="fromExcelDP" finished-at="2018-03-28T19:00:28Z">
          <params>
            <param index="0">
              <value>
                <![CDATA[0]]>
              </value>
            </param>
            <param index="1">
              <value>
                <![CDATA[ResetPinwithcorrectoAuthTokenandClientId]]>
              </value>
            </param>
          </params>
          <reporter-output>
          </reporter-output>
        </test-method> <!-- reset -->
        <test-method status="PASS" signature="tearDownAfterMetod(org.testng.ITestResult)[pri:0, instance:co.bytemark.componenttests.ResetPinTests@7d9d1a19]" name="tearDownAfterMetod" is-config="true" duration-ms="2" started-at="2018-03-28T19:00:28Z" finished-at="2018-03-28T19:00:28Z">
          <params>
            <param index="0">
              <value>
                <![CDATA[[TestResult name=reset status=SUCCESS method=ResetPinTests.reset(java.lang.String, java.lang.String)[pri:0, instance:co.bytemark.componenttests.ResetPinTests@7d9d1a19] output={null}]]]>
              </value>
            </param>
          </params>
          <reporter-output>
          </reporter-output>
        </test-method> <!-- tearDownAfterMetod -->
        <test-method status="PASS" signature="tearDownAfterTest()[pri:0, instance:co.bytemark.componenttests.ResetPinTests@7d9d1a19]" name="tearDownAfterTest" is-config="true" duration-ms="194" started-at="2018-03-28T19:00:28Z" finished-at="2018-03-28T19:00:28Z">
          <reporter-output>
          </reporter-output>
        </test-method> <!-- tearDownAfterTest -->
        <test-method status="PASS" signature="tearDownAfterSuite()[pri:0, instance:co.bytemark.componenttests.ResetPinTests@7d9d1a19]" name="tearDownAfterSuite" is-config="true" duration-ms="0" started-at="2018-03-28T19:00:28Z" finished-at="2018-03-28T19:00:28Z">
          <reporter-output>
          </reporter-output>
        </test-method> <!-- tearDownAfterSuite -->
      </class> <!-- co.bytemark.componenttests.ResetPinTests -->
    </test> <!-- Default test -->
  </suite> <!-- Default suite -->
</testng-results>
