<?xml version="1.0" encoding="UTF-8"?>
<!-- Generated by org.testng.reporters.JUnitXMLReporter -->
<testsuite hostname="SingaravelanNandakumars-MacBook-Pro.local" name="Test" tests="2" failures="0" timestamp="11 Jan 2018 14:00:37 GMT" time="19.948" errors="0">
  <testcase name="oneOrderItemWithSavedCard" time="6.815" classname="co.bytemark.test.orders.OrdersRegressionCases"/>
  <testcase name="oneOrderItemWithSavedCard" time="6.909" classname="co.bytemark.test.orders.OrdersRegressionCases"/>
</testsuite> <!-- Test -->
