<?xml version="1.0" encoding="UTF-8"?>
<!-- Generated by org.testng.reporters.JUnitXMLReporter -->
<testsuite hostname="SingaravelanNandakumars-MacBook-Pro.local" name="4.0Appcases" tests="3" failures="0" timestamp="30 Jan 2018 15:42:42 GMT" time="21.14" errors="0">
  <testcase name="orderItemWithSavedCard" time="1.623" classname="co.bytemark.test.orders.OrdersRegressionCases"/>
  <testcase name="orderItemWithSavedCard" time="17.258" classname="co.bytemark.test.orders.OrdersRegressionCases"/>
  <testcase name="orderItemWithSavedCard" time="2.217" classname="co.bytemark.test.orders.OrdersRegressionCases"/>
</testsuite> <!-- 4.0Appcases -->
